2018-01-10 13:29:20,137 ERROR    root            (gcloud) Command name argument expected.
2018-01-10 13:29:20,143 DEBUG    root            Loaded Command Group: ['gcloud', 'info']
2018-01-10 13:29:20,145 DEBUG    root            No implementation for release track [GA] for element: [/usr/lib/google-cloud-sdk/lib/surface/tasks]
2018-01-10 13:29:20,146 DEBUG    root            Loaded Command Group: ['gcloud', 'feedback']
2018-01-10 13:29:20,148 DEBUG    root            Loaded Command Group: ['gcloud', 'app']
2018-01-10 13:29:20,237 DEBUG    root            Loaded Command Group: ['gcloud', 'topic']
2018-01-10 13:29:20,240 DEBUG    root            No implementation for release track [GA] for element: [/usr/lib/google-cloud-sdk/lib/surface/services]
2018-01-10 13:29:20,255 DEBUG    root            Loaded Command Group: ['gcloud', 'meta']
2018-01-10 13:29:20,290 DEBUG    root            No implementation for release track [GA] for element: [/usr/lib/google-cloud-sdk/lib/surface/search_help]
2018-01-10 13:29:20,310 DEBUG    root            Loaded Command Group: ['gcloud', 'datastore']
2018-01-10 13:29:20,320 DEBUG    root            Loaded Command Group: ['gcloud', 'help']
2018-01-10 13:29:20,328 DEBUG    root            Loaded Command Group: ['gcloud', 'iam']
2018-01-10 13:29:20,331 DEBUG    root            No implementation for release track [GA] for element: [/usr/lib/google-cloud-sdk/lib/surface/genomics]
2018-01-10 13:29:20,345 DEBUG    root            No implementation for release track [GA] for element: [/usr/lib/google-cloud-sdk/lib/surface/functions]
2018-01-10 13:29:20,362 DEBUG    root            Loaded Command Group: ['gcloud', 'container']
2018-01-10 13:29:20,367 DEBUG    root            No implementation for release track [GA] for element: [/usr/lib/google-cloud-sdk/lib/surface/billing]
2018-01-10 13:29:20,468 DEBUG    root            Loaded Command Group: ['gcloud', 'source']
2018-01-10 13:29:20,495 DEBUG    root            Loaded Command Group: ['gcloud', 'init']
2018-01-10 13:29:20,497 DEBUG    root            Loaded Command Group: ['gcloud', 'version']
2018-01-10 13:29:20,506 DEBUG    root            Loaded Command Group: ['gcloud', 'kms']
2018-01-10 13:29:20,528 DEBUG    root            No implementation for release track [GA] for element: [/usr/lib/google-cloud-sdk/lib/surface/bigtable]
2018-01-10 13:29:20,540 DEBUG    root            Loaded Command Group: ['gcloud', 'dns']
2018-01-10 13:29:20,545 DEBUG    root            Loaded Command Group: ['gcloud', 'config']
2018-01-10 13:29:20,547 DEBUG    root            No implementation for release track [GA] for element: [/usr/lib/google-cloud-sdk/lib/surface/resources]
2018-01-10 13:29:20,548 DEBUG    root            No implementation for release track [GA] for element: [/usr/lib/google-cloud-sdk/lib/surface/pubsub]
2018-01-10 13:29:20,550 DEBUG    root            No implementation for release track [GA] for element: [/usr/lib/google-cloud-sdk/lib/surface/bio]
2018-01-10 13:29:20,715 DEBUG    root            No implementation for release track [GA] for element: [/usr/lib/google-cloud-sdk/lib/surface/shell]
2018-01-10 13:29:20,716 DEBUG    root            No implementation for release track [GA] for element: [/usr/lib/google-cloud-sdk/lib/surface/interactive]
2018-01-10 13:29:20,733 DEBUG    root            No implementation for release track [GA] for element: [/usr/lib/google-cloud-sdk/lib/surface/error_reporting]
2018-01-10 13:29:20,747 DEBUG    root            Loaded Command Group: ['gcloud', 'dataproc']
2018-01-10 13:29:20,755 DEBUG    root            Loaded Command Group: ['gcloud', 'ml_engine']
2018-01-10 13:29:20,762 DEBUG    root            No implementation for release track [GA] for element: [/usr/lib/google-cloud-sdk/lib/surface/iot]
2018-01-10 13:29:20,763 DEBUG    root            No implementation for release track [GA] for element: [/usr/lib/google-cloud-sdk/lib/surface/emulators]
2018-01-10 13:29:20,772 DEBUG    root            Loaded Command Group: ['gcloud', 'auth']
2018-01-10 13:29:20,778 DEBUG    root            Loaded Command Group: ['gcloud', 'debug']
2018-01-10 13:29:20,782 DEBUG    root            Loaded Command Group: ['gcloud', 'firebase']
2018-01-10 13:29:20,803 DEBUG    root            No implementation for release track [GA] for element: [/usr/lib/google-cloud-sdk/lib/surface/category_manager]
2018-01-10 13:29:20,804 DEBUG    root            Loaded Command Group: ['gcloud', 'sql']
2018-01-10 13:29:20,810 DEBUG    root            Loaded Command Group: ['gcloud', 'spanner']
2018-01-10 13:29:20,813 DEBUG    root            Loaded Command Group: ['gcloud', 'projects']
2018-01-10 13:29:20,841 DEBUG    root            No implementation for release track [GA] for element: [/usr/lib/google-cloud-sdk/lib/surface/resource_manager]
2018-01-10 13:29:20,857 DEBUG    root            Loaded Command Group: ['gcloud', 'organizations']
2018-01-10 13:29:20,859 DEBUG    root            Loaded Command Group: ['gcloud', 'logging']
2018-01-10 13:29:20,862 DEBUG    root            Loaded Command Group: ['gcloud', 'service_management']
2018-01-10 13:29:20,865 DEBUG    root            Loaded Command Group: ['gcloud', 'dataflow']
2018-01-10 13:29:20,869 DEBUG    root            Loaded Command Group: ['gcloud', 'ml']
2018-01-10 13:29:20,873 DEBUG    root            No implementation for release track [GA] for element: [/usr/lib/google-cloud-sdk/lib/surface/runtime_config]
2018-01-10 13:29:20,874 DEBUG    root            Loaded Command Group: ['gcloud', 'components']
2018-01-10 13:29:20,876 DEBUG    root            Loaded Command Group: ['gcloud', 'domains']
2018-01-10 13:29:20,879 DEBUG    root            Loaded Command Group: ['gcloud', 'docker']
2018-01-10 13:29:20,881 DEBUG    root            No implementation for release track [GA] for element: [/usr/lib/google-cloud-sdk/lib/surface/endpoints]
2018-01-10 13:29:20,882 DEBUG    root            Loaded Command Group: ['gcloud', 'deployment_manager']
2018-01-10 13:29:20,892 DEBUG    root            Metrics reporting process started...
